{"level":"info","message":"Product enrichment completed","successRate":"NaN%","successfulProducts":0,"timestamp":"2024-12-21T08:22:30.620Z","totalProducts":0}
{"level":"info","message":"Product enrichment completed","successRate":"NaN%","successfulProducts":0,"timestamp":"2024-12-21T08:23:01.048Z","totalProducts":0}
{"level":"info","message":"Product enrichment completed","successRate":"NaN%","successfulProducts":0,"timestamp":"2024-12-21T08:24:28.503Z","totalProducts":0}
{"level":"info","message":"First CSV record:","record":{"Cat. No":"E11217","Company's Name":"Abdos","Product Name":"Rubber Pipette Pump"},"timestamp":"2024-12-21T08:27:24.264Z"}
{"level":"warn","message":"Invalid product data:","product":{"catalogNumber":"","companyName":"TARSON","productName":"AMBER TUBE 15ML"},"timestamp":"2024-12-21T08:27:24.266Z"}
{"level":"warn","message":"Invalid product data:","product":{"catalogNumber":"","companyName":"TARSON","productName":"AMBER TUBE 50ML"},"timestamp":"2024-12-21T08:27:24.266Z"}
{"level":"warn","message":"Invalid product data:","product":{"catalogNumber":"","companyName":"TARSON","productName":"Centrifuge tubes 50ML"},"timestamp":"2024-12-21T08:27:24.266Z"}
{"level":"warn","message":"Invalid product data:","product":{"catalogNumber":"","companyName":"TARSON","productName":"CRYO BOX (81 PLACE NEW) SIZE 4.5ML"},"timestamp":"2024-12-21T08:27:24.266Z"}
{"level":"warn","message":"Invalid product data:","product":{"catalogNumber":"","companyName":"TARSON","productName":"CRYOBOX 81 PLACE 2.5ML"},"timestamp":"2024-12-21T08:27:24.267Z"}
{"level":"info","message":"Found 1100 valid products","timestamp":"2024-12-21T08:27:24.267Z"}
{"level":"info","message":"Found 5 Abdos products","timestamp":"2024-12-21T08:27:24.268Z"}
{"level":"info","message":"Processing 5 Abdos products","timestamp":"2024-12-21T08:27:24.268Z"}
{"level":"info","message":"Product enrichment completed","successRate":"0.00%","successfulProducts":0,"timestamp":"2024-12-21T08:27:39.352Z","totalProducts":5}
{"columns":["Company's Name","Cat. No","Product Name"],"firstRecord":{"Cat. No":"E11217","Company's Name":"Abdos","Product Name":"Rubber Pipette Pump"},"level":"info","message":"CSV Column Names:","timestamp":"2024-12-21T08:32:38.440Z"}
{"level":"warn","message":"Invalid product data:","product":{"catalogNumber":"","companyName":"TARSON","productName":"AMBER TUBE 15ML"},"record":{"Cat. No":"","Company's Name":"TARSON","Product Name":"AMBER TUBE 15ML"},"recordKeys":["Company's Name","Cat. No","Product Name"],"timestamp":"2024-12-21T08:32:38.441Z"}
{"level":"warn","message":"Invalid product data:","product":{"catalogNumber":"","companyName":"TARSON","productName":"AMBER TUBE 50ML"},"record":{"Cat. No":"","Company's Name":"TARSON","Product Name":"AMBER TUBE 50ML"},"recordKeys":["Company's Name","Cat. No","Product Name"],"timestamp":"2024-12-21T08:32:38.441Z"}
{"level":"warn","message":"Invalid product data:","product":{"catalogNumber":"","companyName":"TARSON","productName":"Centrifuge tubes 50ML"},"record":{"Cat. No":"","Company's Name":"TARSON","Product Name":"Centrifuge tubes 50ML"},"recordKeys":["Company's Name","Cat. No","Product Name"],"timestamp":"2024-12-21T08:32:38.441Z"}
{"level":"warn","message":"Invalid product data:","product":{"catalogNumber":"","companyName":"TARSON","productName":"CRYO BOX (81 PLACE NEW) SIZE 4.5ML"},"record":{"Cat. No":"","Company's Name":"TARSON","Product Name":"CRYO BOX (81 PLACE NEW) SIZE 4.5ML"},"recordKeys":["Company's Name","Cat. No","Product Name"],"timestamp":"2024-12-21T08:32:38.441Z"}
{"level":"warn","message":"Invalid product data:","product":{"catalogNumber":"","companyName":"TARSON","productName":"CRYOBOX 81 PLACE 2.5ML"},"record":{"Cat. No":"","Company's Name":"TARSON","Product Name":"CRYOBOX 81 PLACE 2.5ML"},"recordKeys":["Company's Name","Cat. No","Product Name"],"timestamp":"2024-12-21T08:32:38.441Z"}
{"level":"info","message":"Found 1100 valid products from 1105 records","timestamp":"2024-12-21T08:32:38.441Z"}
{"level":"info","message":"Found 35 Abdos products","timestamp":"2024-12-21T08:32:38.442Z"}
{"level":"info","message":"Processing 35 Abdos products","timestamp":"2024-12-21T08:32:38.442Z"}
{"level":"info","message":"Product enrichment completed","successRate":"0.00%","successfulProducts":0,"timestamp":"2024-12-21T08:32:53.583Z","totalProducts":35}
{"columns":["Company's Name","Cat. No","Product Name"],"firstRecord":{"Cat. No":"E11217","Company's Name":"Abdos","Product Name":"Rubber Pipette Pump"},"level":"info","message":"CSV Column Names:","timestamp":"2024-12-21T08:33:17.604Z"}
{"level":"warn","message":"Invalid product data:","product":{"catalogNumber":"","companyName":"TARSON","productName":"AMBER TUBE 15ML"},"record":{"Cat. No":"","Company's Name":"TARSON","Product Name":"AMBER TUBE 15ML"},"recordKeys":["Company's Name","Cat. No","Product Name"],"timestamp":"2024-12-21T08:33:17.604Z"}
{"level":"warn","message":"Invalid product data:","product":{"catalogNumber":"","companyName":"TARSON","productName":"AMBER TUBE 50ML"},"record":{"Cat. No":"","Company's Name":"TARSON","Product Name":"AMBER TUBE 50ML"},"recordKeys":["Company's Name","Cat. No","Product Name"],"timestamp":"2024-12-21T08:33:17.605Z"}
{"level":"warn","message":"Invalid product data:","product":{"catalogNumber":"","companyName":"TARSON","productName":"Centrifuge tubes 50ML"},"record":{"Cat. No":"","Company's Name":"TARSON","Product Name":"Centrifuge tubes 50ML"},"recordKeys":["Company's Name","Cat. No","Product Name"],"timestamp":"2024-12-21T08:33:17.605Z"}
{"level":"warn","message":"Invalid product data:","product":{"catalogNumber":"","companyName":"TARSON","productName":"CRYO BOX (81 PLACE NEW) SIZE 4.5ML"},"record":{"Cat. No":"","Company's Name":"TARSON","Product Name":"CRYO BOX (81 PLACE NEW) SIZE 4.5ML"},"recordKeys":["Company's Name","Cat. No","Product Name"],"timestamp":"2024-12-21T08:33:17.605Z"}
{"level":"warn","message":"Invalid product data:","product":{"catalogNumber":"","companyName":"TARSON","productName":"CRYOBOX 81 PLACE 2.5ML"},"record":{"Cat. No":"","Company's Name":"TARSON","Product Name":"CRYOBOX 81 PLACE 2.5ML"},"recordKeys":["Company's Name","Cat. No","Product Name"],"timestamp":"2024-12-21T08:33:17.605Z"}
{"level":"info","message":"Found 1100 valid products from 1105 records","timestamp":"2024-12-21T08:33:17.605Z"}
{"level":"info","message":"Found 35 Abdos products","timestamp":"2024-12-21T08:33:17.605Z"}
{"level":"info","message":"Processing 35 Abdos products","timestamp":"2024-12-21T08:33:17.606Z"}
{"level":"info","message":"Product enrichment completed","successRate":"0.00%","successfulProducts":0,"timestamp":"2024-12-21T08:33:32.673Z","totalProducts":35}
{"columns":["Company's Name","Cat. No","Product Name"],"firstRecord":{"Cat. No":"E11217","Company's Name":"Abdos","Product Name":"Rubber Pipette Pump"},"level":"info","message":"CSV Column Names:","timestamp":"2024-12-21T08:36:00.180Z"}
{"level":"warn","message":"Invalid product data:","product":{"catalogNumber":"","companyName":"TARSON","productName":"AMBER TUBE 15ML"},"record":{"Cat. No":"","Company's Name":"TARSON","Product Name":"AMBER TUBE 15ML"},"recordKeys":["Company's Name","Cat. No","Product Name"],"timestamp":"2024-12-21T08:36:00.182Z"}
{"level":"warn","message":"Invalid product data:","product":{"catalogNumber":"","companyName":"TARSON","productName":"AMBER TUBE 50ML"},"record":{"Cat. No":"","Company's Name":"TARSON","Product Name":"AMBER TUBE 50ML"},"recordKeys":["Company's Name","Cat. No","Product Name"],"timestamp":"2024-12-21T08:36:00.183Z"}
{"level":"warn","message":"Invalid product data:","product":{"catalogNumber":"","companyName":"TARSON","productName":"Centrifuge tubes 50ML"},"record":{"Cat. No":"","Company's Name":"TARSON","Product Name":"Centrifuge tubes 50ML"},"recordKeys":["Company's Name","Cat. No","Product Name"],"timestamp":"2024-12-21T08:36:00.183Z"}
{"level":"warn","message":"Invalid product data:","product":{"catalogNumber":"","companyName":"TARSON","productName":"CRYO BOX (81 PLACE NEW) SIZE 4.5ML"},"record":{"Cat. No":"","Company's Name":"TARSON","Product Name":"CRYO BOX (81 PLACE NEW) SIZE 4.5ML"},"recordKeys":["Company's Name","Cat. No","Product Name"],"timestamp":"2024-12-21T08:36:00.183Z"}
{"level":"warn","message":"Invalid product data:","product":{"catalogNumber":"","companyName":"TARSON","productName":"CRYOBOX 81 PLACE 2.5ML"},"record":{"Cat. No":"","Company's Name":"TARSON","Product Name":"CRYOBOX 81 PLACE 2.5ML"},"recordKeys":["Company's Name","Cat. No","Product Name"],"timestamp":"2024-12-21T08:36:00.183Z"}
{"level":"info","message":"Found 1100 valid products from 1105 records","timestamp":"2024-12-21T08:36:00.183Z"}
{"level":"info","message":"Found 35 Abdos products","timestamp":"2024-12-21T08:36:00.184Z"}
{"level":"info","message":"Processing 35 Abdos products","timestamp":"2024-12-21T08:36:00.185Z"}
{"level":"info","message":"Product enrichment completed","successRate":"0.00%","successfulProducts":0,"timestamp":"2024-12-21T08:36:14.930Z","totalProducts":35}
